  main.cpp
c:\users\asus\documents\github\unitynetworkgameserver\unitynetworkgameserver\include\minnettime.h(20): warning C4091: 'static ': 변수를 선언하지 않으면 'MinNetTime' 왼쪽은 무시됩니다.
c:\users\asus\documents\github\unitynetworkgameserver\unitynetworkgameserver\include\minnet.h(64): warning C4091: 'static ': 변수를 선언하지 않으면 'BitConverter' 왼쪽은 무시됩니다.
c:\users\asus\documents\github\unitynetworkgameserver\unitynetworkgameserver\include\minnet.h(76): warning C4091: 'static ': 변수를 선언하지 않으면 'StringConverter' 왼쪽은 무시됩니다.
c:\users\asus\documents\github\unitynetworkgameserver\unitynetworkgameserver\include\minnetiocp.h(78): warning C4091: 'static ': 변수를 선언하지 않으면 'MinNetIOCP' 왼쪽은 무시됩니다.
c:\users\asus\documents\github\unitynetworkgameserver\unitynetworkgameserver\include\minnetcache.h(39): warning C4091: 'static ': 변수를 선언하지 않으면 'MinNetCache' 왼쪽은 무시됩니다.
c:\users\asus\documents\github\unitynetworkgameserver\unitynetworkgameserver\include\debug.h(23): warning C4091: 'static ': 변수를 선언하지 않으면 'Debug' 왼쪽은 무시됩니다.
c:\users\asus\documents\github\unitynetworkgameserver\unitynetworkgameserver\include\minnetpool.h(27): warning C4091: 'static ': 변수를 선언하지 않으면 'MinNetPool' 왼쪽은 무시됩니다.
  ReadyUser.cpp
c:\users\asus\documents\github\unitynetworkgameserver\unitynetworkgameserver\include\minnettime.h(20): warning C4091: 'static ': 변수를 선언하지 않으면 'MinNetTime' 왼쪽은 무시됩니다.
c:\users\asus\documents\github\unitynetworkgameserver\unitynetworkgameserver\include\minnet.h(64): warning C4091: 'static ': 변수를 선언하지 않으면 'BitConverter' 왼쪽은 무시됩니다.
c:\users\asus\documents\github\unitynetworkgameserver\unitynetworkgameserver\include\minnet.h(76): warning C4091: 'static ': 변수를 선언하지 않으면 'StringConverter' 왼쪽은 무시됩니다.
c:\users\asus\documents\github\unitynetworkgameserver\unitynetworkgameserver\include\minnetpool.h(27): warning C4091: 'static ': 변수를 선언하지 않으면 'MinNetPool' 왼쪽은 무시됩니다.
  ReadyRoomManager.cpp
c:\users\asus\documents\github\unitynetworkgameserver\unitynetworkgameserver\include\minnettime.h(20): warning C4091: 'static ': 변수를 선언하지 않으면 'MinNetTime' 왼쪽은 무시됩니다.
c:\users\asus\documents\github\unitynetworkgameserver\unitynetworkgameserver\include\minnet.h(64): warning C4091: 'static ': 변수를 선언하지 않으면 'BitConverter' 왼쪽은 무시됩니다.
c:\users\asus\documents\github\unitynetworkgameserver\unitynetworkgameserver\include\minnet.h(76): warning C4091: 'static ': 변수를 선언하지 않으면 'StringConverter' 왼쪽은 무시됩니다.
c:\users\asus\documents\github\unitynetworkgameserver\unitynetworkgameserver\include\minnetpool.h(27): warning C4091: 'static ': 변수를 선언하지 않으면 'MinNetPool' 왼쪽은 무시됩니다.
  PlayerMove.cpp
c:\users\asus\documents\github\unitynetworkgameserver\unitynetworkgameserver\include\minnettime.h(20): warning C4091: 'static ': 변수를 선언하지 않으면 'MinNetTime' 왼쪽은 무시됩니다.
c:\users\asus\documents\github\unitynetworkgameserver\unitynetworkgameserver\include\minnet.h(64): warning C4091: 'static ': 변수를 선언하지 않으면 'BitConverter' 왼쪽은 무시됩니다.
c:\users\asus\documents\github\unitynetworkgameserver\unitynetworkgameserver\include\minnet.h(76): warning C4091: 'static ': 변수를 선언하지 않으면 'StringConverter' 왼쪽은 무시됩니다.
c:\users\asus\documents\github\unitynetworkgameserver\unitynetworkgameserver\include\minnetpool.h(27): warning C4091: 'static ': 변수를 선언하지 않으면 'MinNetPool' 왼쪽은 무시됩니다.
c:\users\asus\documents\github\unitynetworkgameserver\unitynetworkgameserver\playermove.cpp(89): warning C4244: '초기화 중': 'float'에서 'int'(으)로 변환하면서 데이터가 손실될 수 있습니다.
  LobbyUser.cpp
c:\users\asus\documents\github\unitynetworkgameserver\unitynetworkgameserver\include\minnettime.h(20): warning C4091: 'static ': 변수를 선언하지 않으면 'MinNetTime' 왼쪽은 무시됩니다.
c:\users\asus\documents\github\unitynetworkgameserver\unitynetworkgameserver\include\minnet.h(64): warning C4091: 'static ': 변수를 선언하지 않으면 'BitConverter' 왼쪽은 무시됩니다.
c:\users\asus\documents\github\unitynetworkgameserver\unitynetworkgameserver\include\minnet.h(76): warning C4091: 'static ': 변수를 선언하지 않으면 'StringConverter' 왼쪽은 무시됩니다.
c:\users\asus\documents\github\unitynetworkgameserver\unitynetworkgameserver\include\minnetpool.h(27): warning C4091: 'static ': 변수를 선언하지 않으면 'MinNetPool' 왼쪽은 무시됩니다.
  FirstPersonController.cpp
c:\users\asus\documents\github\unitynetworkgameserver\unitynetworkgameserver\include\minnettime.h(20): warning C4091: 'static ': 변수를 선언하지 않으면 'MinNetTime' 왼쪽은 무시됩니다.
c:\users\asus\documents\github\unitynetworkgameserver\unitynetworkgameserver\include\minnet.h(64): warning C4091: 'static ': 변수를 선언하지 않으면 'BitConverter' 왼쪽은 무시됩니다.
c:\users\asus\documents\github\unitynetworkgameserver\unitynetworkgameserver\include\minnet.h(76): warning C4091: 'static ': 변수를 선언하지 않으면 'StringConverter' 왼쪽은 무시됩니다.
c:\users\asus\documents\github\unitynetworkgameserver\unitynetworkgameserver\include\minnetpool.h(27): warning C4091: 'static ': 변수를 선언하지 않으면 'MinNetPool' 왼쪽은 무시됩니다.
  ComponentTest.cpp
c:\users\asus\documents\github\unitynetworkgameserver\unitynetworkgameserver\include\minnettime.h(20): warning C4091: 'static ': 변수를 선언하지 않으면 'MinNetTime' 왼쪽은 무시됩니다.
c:\users\asus\documents\github\unitynetworkgameserver\unitynetworkgameserver\include\minnet.h(64): warning C4091: 'static ': 변수를 선언하지 않으면 'BitConverter' 왼쪽은 무시됩니다.
c:\users\asus\documents\github\unitynetworkgameserver\unitynetworkgameserver\include\minnet.h(76): warning C4091: 'static ': 변수를 선언하지 않으면 'StringConverter' 왼쪽은 무시됩니다.
c:\users\asus\documents\github\unitynetworkgameserver\unitynetworkgameserver\include\minnetpool.h(27): warning C4091: 'static ': 변수를 선언하지 않으면 'MinNetPool' 왼쪽은 무시됩니다.
  BattleFieldManager.cpp
c:\users\asus\documents\github\unitynetworkgameserver\unitynetworkgameserver\include\minnettime.h(20): warning C4091: 'static ': 변수를 선언하지 않으면 'MinNetTime' 왼쪽은 무시됩니다.
c:\users\asus\documents\github\unitynetworkgameserver\unitynetworkgameserver\include\minnet.h(64): warning C4091: 'static ': 변수를 선언하지 않으면 'BitConverter' 왼쪽은 무시됩니다.
c:\users\asus\documents\github\unitynetworkgameserver\unitynetworkgameserver\include\minnet.h(76): warning C4091: 'static ': 변수를 선언하지 않으면 'StringConverter' 왼쪽은 무시됩니다.
c:\users\asus\documents\github\unitynetworkgameserver\unitynetworkgameserver\include\minnetpool.h(27): warning C4091: 'static ': 변수를 선언하지 않으면 'MinNetPool' 왼쪽은 무시됩니다.
c:\users\asus\documents\github\unitynetworkgameserver\unitynetworkgameserver\battlefieldmanager.cpp(215): warning C4305: '인수': 'double'에서 'float'(으)로 잘립니다.
c:\users\asus\documents\github\unitynetworkgameserver\unitynetworkgameserver\battlefieldmanager.cpp(216): warning C4305: '인수': 'double'에서 'float'(으)로 잘립니다.
c:\users\asus\documents\github\unitynetworkgameserver\unitynetworkgameserver\battlefieldmanager.cpp(226): warning C4018: '>=': signed 또는 unsigned가 일치하지 않습니다.
c:\users\asus\documents\github\unitynetworkgameserver\unitynetworkgameserver\battlefieldmanager.cpp(325): warning C4244: '=': 'float'에서 'clock_t'(으)로 변환하면서 데이터가 손실될 수 있습니다.
  코드를 생성하고 있습니다...
LINK : fatal error LNK1104: 'libboost_date_time-vc140-mt-gd-x32-1_71.lib' 파일을 열 수 없습니다.
